{"method":"GET","url":"/","statusCode":200,"timestamp":"2026-02-19T15:39:26.483Z","duration":4}
{"method":"GET","url":"/about","statusCode":200,"timestamp":"2026-02-19T15:39:29.502Z","duration":1}
{"method":"GET","url":"/test","statusCode":404,"timestamp":"2026-02-19T15:39:34.350Z","duration":1}
{"method":"GET","url":"/test","statusCode":404,"timestamp":"2026-02-19T16:00:00.912Z","duration":5}
{"method":"GET","url":"/","statusCode":200,"timestamp":"2026-02-19T16:00:05.619Z","duration":2}
{"method":"GET","url":"/images/main_image.png","statusCode":404,"timestamp":"2026-02-19T16:00:05.685Z","duration":1}
{"method":"GET","url":"/images/welcome.gif","statusCode":404,"timestamp":"2026-02-19T16:00:05.688Z","duration":0}
{"method":"GET","url":"/images/image1.jpg","statusCode":404,"timestamp":"2026-02-19T16:00:05.691Z","duration":0}
{"method":"GET","url":"/","statusCode":200,"timestamp":"2026-02-19T16:01:01.051Z","duration":2}
{"method":"GET","url":"/images/image1.jpg","statusCode":200,"timestamp":"2026-02-19T16:01:01.120Z","duration":2}
{"method":"GET","url":"/images/main_image.png","statusCode":200,"timestamp":"2026-02-19T16:01:01.120Z","duration":2}
{"method":"GET","url":"/images/welcome.gif","statusCode":200,"timestamp":"2026-02-19T16:01:01.122Z","duration":4}
{"method":"GET","url":"/about.html","statusCode":200,"timestamp":"2026-02-19T16:05:01.112Z","duration":1}
{"method":"GET","url":"/styles.css","statusCode":200,"timestamp":"2026-02-19T16:05:01.179Z","duration":2}
{"method":"GET","url":"/fetch_script.js","statusCode":404,"timestamp":"2026-02-19T16:05:01.183Z","duration":0}
{"method":"GET","url":"/images/main_image.png","statusCode":200,"timestamp":"2026-02-19T16:05:01.184Z","duration":2}
{"method":"GET","url":"/images/banner1_400.jpg","statusCode":404,"timestamp":"2026-02-19T16:05:01.275Z","duration":0}
{"method":"GET","url":"/about.html","statusCode":200,"timestamp":"2026-02-19T16:33:15.295Z","duration":5}
{"method":"GET","url":"/styles.css","statusCode":200,"timestamp":"2026-02-19T16:33:15.349Z","duration":1}
{"method":"GET","url":"/images/main_image.png","statusCode":200,"timestamp":"2026-02-19T16:33:15.351Z","duration":1}
{"method":"GET","url":"/fetch_script.js","statusCode":404,"timestamp":"2026-02-19T16:33:15.352Z","duration":2}
{"method":"GET","url":"/images/banner1_400.jpg","statusCode":404,"timestamp":"2026-02-19T16:33:15.432Z","duration":1}
{"method":"GET","url":"/index.html","statusCode":200,"timestamp":"2026-02-19T16:33:17.329Z","duration":1}
{"method":"GET","url":"/images/main_image.png","statusCode":200,"timestamp":"2026-02-19T16:33:17.404Z","duration":1}
{"method":"GET","url":"/images/image1.jpg","statusCode":200,"timestamp":"2026-02-19T16:33:17.412Z","duration":1}
{"method":"GET","url":"/images/welcome.gif","statusCode":200,"timestamp":"2026-02-19T16:33:17.414Z","duration":4}
